<?xml version="1.0" encoding="UTF-8"?>
<!-- Generated by org.testng.reporters.JUnitXMLReporter -->
<testsuite ignored="0" hostname="DESKTOP-650R3IU" failures="1" tests="2" name="Create option" time="14.072" errors="0" timestamp="01 февр. 2021 02:12:20 GMT">
  <testcase classname="tests.checkCreateOption" name="checkCreateArticleOption" time="4.069"/>
  <testcase classname="tests.checkCreateOption" name="checkCreateArticleWithEmptyFieldsOption" time="2.495">
    <failure type="java.lang.AssertionError" message="expected [false] but found [true]">
      <![CDATA[java.lang.AssertionError: expected [false] but found [true]
at tests.checkCreateOption.checkCreateArticleWithEmptyFieldsOption(checkCreateOption.java:36)
... Removed 32 stack frames]]>
    </failure>
  </testcase> <!-- checkCreateArticleWithEmptyFieldsOption -->
</testsuite> <!-- Create option -->
